<?xml version="1.0" encoding="UTF-8"?>
<!-- Generated by org.testng.reporters.JUnitReportReporter -->
<testsuite hostname="DESKTOP-IPJ5ICI" failures="0" tests="1" name="esignatures.EsignBulkCheckbox" time="82.006" errors="0" timestamp="2024-10-13T21:21:39 IST" skipped="0">
  <testcase classname="esignatures.EsignBulkCheckbox" name="eSignReminderAdd" time="82.006"/>
</testsuite> <!-- esignatures.EsignBulkCheckbox -->
