<?xml version="1.0" encoding="UTF-8"?>
<!-- Generated by org.testng.reporters.JUnitReportReporter -->
<testsuite hostname="DESKTOP-IPJ5ICI" failures="0" tests="1" name="organizers.Organizertest" time="42.661" errors="0" timestamp="2024-10-18T16:30:15 IST" skipped="0">
  <testcase classname="organizers.Organizertest" name="selectorg" time="42.661"/>
</testsuite> <!-- organizers.Organizertest -->
