<?xml version="1.0" encoding="UTF-8"?>
<!-- Generated by org.testng.reporters.JUnitReportReporter -->
<testsuite hostname="DESKTOP-IPJ5ICI" failures="0" tests="1" name="proposals.Proposalstest" time="36.186" errors="0" timestamp="2024-10-19T19:31:20 IST" skipped="0">
  <testcase classname="proposals.Proposalstest" name="proposalresend" time="36.186"/>
</testsuite> <!-- proposals.Proposalstest -->
