<?xml version="1.0" encoding="UTF-8"?>
<!-- Generated by org.testng.reporters.JUnitReportReporter -->
<testsuite hostname="DESKTOP-IPJ5ICI" failures="0" tests="1" name="clientportal.ClientPortalTest" time="26.959" errors="0" timestamp="2024-09-24T17:03:51 IST" skipped="0">
  <testcase classname="clientportal.ClientPortalTest" name="clientportal" time="26.959"/>
</testsuite> <!-- clientportal.ClientPortalTest -->
