<?xml version="1.0" encoding="UTF-8"?>
<!-- Generated by org.testng.reporters.JUnitReportReporter -->
<testsuite hostname="DESKTOP-IPJ5ICI" failures="0" tests="5" name="esignatures.Esignlists" time="300.416" errors="0" timestamp="2024-09-23T08:35:28 IST" skipped="0">
  <testcase classname="esignatures.Esignlists" name="esignoptions" time="100.030"/>
  <testcase classname="esignatures.Esignlists" name="invoiceview" time="48.574"/>
  <testcase classname="esignatures.Esignlists" name="pagedownload" time="38.833"/>
  <testcase classname="esignatures.Esignlists" name="securelink" time="49.823"/>
  <testcase classname="esignatures.Esignlists" name="esignstatuslist" time="63.156"/>
</testsuite> <!-- esignatures.Esignlists -->
