<?xml version="1.0" encoding="UTF-8"?>
<!-- Generated by org.testng.reporters.JUnitReportReporter -->
<testsuite hostname="DESKTOP-IPJ5ICI" failures="0" tests="1" name="esignatures.Esignatureoptions" time="46.675" errors="0" timestamp="2024-10-19T16:46:21 IST" skipped="0">
  <testcase classname="esignatures.Esignatureoptions" name="esignflowreorder" time="46.675"/>
</testsuite> <!-- esignatures.Esignatureoptions -->
