<?xml version="1.0" encoding="UTF-8"?>
<!-- Generated by org.testng.reporters.JUnitReportReporter -->
<testsuite hostname="DESKTOP-IPJ5ICI" failures="0" tests="1" name="login.LoginWebTest" time="11.259" errors="0" timestamp="2024-10-08T17:19:24 IST" skipped="0">
  <testcase classname="login.LoginWebTest" name="loginInvalidUser" time="11.259"/>
</testsuite> <!-- login.LoginWebTest -->
