<?xml version="1.0" encoding="UTF-8"?>
<!-- Generated by org.testng.reporters.JUnitReportReporter -->
<testsuite hostname="LAPTOP-N19KP8ON" failures="0" tests="1" name="com.qount.qa.testcases.TrackerTest" time="13.219" errors="0" timestamp="2024-02-27T18:12:38 IST" skipped="0">
  <testcase classname="com.qount.qa.testcases.TrackerTest" name="verifyTaskInTracker" time="13.219"/>
</testsuite> <!-- com.qount.qa.testcases.TrackerTest -->
